<?xml version="1.0" encoding="UTF-8"?>
<testsuite name="AccountTest" tests="8" skipped="0" failures="0" errors="0" timestamp="2023-10-29T19:48:41" hostname="TABLET-NCNRUHAP" time="0.027">
  <properties/>
  <testcase name="withdraw_20_dollars()" classname="AccountTest" time="0.021"/>
  <testcase name="checking_account_created_with_specified_APR_value()" classname="AccountTest" time="0.001"/>
  <testcase name="deposit_100_dollars()" classname="AccountTest" time="0.001"/>
  <testcase name="withdraw_100_dollars_from_80_dollar_balance()" classname="AccountTest" time="0.001"/>
  <testcase name="deposit_100_dollars_twice()" classname="AccountTest" time="0.001"/>
  <testcase name="withdraw_20_dollars_twice()" classname="AccountTest" time="0.001"/>
  <testcase name="checking_account_created_with_initial_balance_of_zero()" classname="AccountTest" time="0.0"/>
  <testcase name="cd_account_created_with_specified_balance()" classname="AccountTest" time="0.0"/>
  <system-out><![CDATA[]]></system-out>
  <system-err><![CDATA[]]></system-err>
</testsuite>
