<?xml version="1.0" encoding="UTF-8"?>
<testsuite name="BankTest" tests="8" skipped="0" failures="0" errors="0" timestamp="2023-10-29T19:48:41" hostname="TABLET-NCNRUHAP" time="0.009">
  <properties/>
  <testcase name="correct_account_is_retrieved()" classname="BankTest" time="0.002"/>
  <testcase name="bank_has_two_accounts_after_two_accounts_are_added()" classname="BankTest" time="0.0"/>
  <testcase name="correct_account_has_200_dollars_upon_deposit()" classname="BankTest" time="0.0"/>
  <testcase name="correct_account_has_80_dollars_upon_withdrawal()" classname="BankTest" time="0.0"/>
  <testcase name="bank_has_one_account_after_one_account_is_added()" classname="BankTest" time="0.001"/>
  <testcase name="account_has_60_dollars_after_two_withdrawals()" classname="BankTest" time="0.001"/>
  <testcase name="bank_is_created_with_zero_accounts()" classname="BankTest" time="0.0"/>
  <testcase name="account_has_300_dollars_after_two_deposits()" classname="BankTest" time="0.001"/>
  <system-out><![CDATA[]]></system-out>
  <system-err><![CDATA[]]></system-err>
</testsuite>
